# Logfile created on Wed Apr 02 18:29:23 +0100 2008 by /
I, [2008-04-02T18:29:23.383621 #32030]  INFO -- : OpenWFE::Engine 'engine' - new() --- engine started --- 9447700
I, [2008-04-02T18:29:23.386323 #32030]  INFO -- : OpenWFE::Engine 'engine' - wait_for() 20080402-kehareruhe
I, [2008-04-02T18:32:12.841055 #32042]  INFO -- : OpenWFE::Engine 'engine' - new() --- engine started --- 9447700
I, [2008-04-02T18:32:12.843606 #32042]  INFO -- : OpenWFE::Engine 'engine' - wait_for() 20080402-kejapinima
I, [2008-04-02T18:32:27.287661 #32044]  INFO -- : OpenWFE::Engine 'engine' - new() --- engine started --- 9447700
I, [2008-04-02T18:32:27.290264 #32044]  INFO -- : OpenWFE::Engine 'engine' - wait_for() 20080402-kejebibehe
I, [2008-04-02T18:32:35.755310 #32045]  INFO -- : OpenWFE::Engine 'engine' - new() --- engine started --- 9447700
I, [2008-04-02T18:32:35.757925 #32045]  INFO -- : OpenWFE::Engine 'engine' - wait_for() 20080402-kejefujatzu
I, [2008-04-02T18:36:14.569041 #32070]  INFO -- : OpenWFE::Engine 'engine' - new() --- engine started --- 9447700
I, [2008-04-02T18:36:14.571601 #32070]  INFO -- : OpenWFE::Engine 'engine' - wait_for() 20080402-kekirazaba
I, [2008-04-02T18:39:00.423882 #32093]  INFO -- : OpenWFE::Engine 'engine' - new() --- engine started --- 9447700
I, [2008-04-02T18:39:00.426580 #32093]  INFO -- : OpenWFE::Engine 'engine' - wait_for() 20080402-kemimujono
I, [2008-04-02T18:39:41.516331 #32099]  INFO -- : OpenWFE::Engine 'engine' - new() --- engine started --- 9447700
I, [2008-04-02T18:39:41.518905 #32099]  INFO -- : OpenWFE::Engine 'engine' - wait_for() 20080402-kemorogozo
I, [2008-04-02T18:40:22.400676 #32104]  INFO -- : OpenWFE::Engine 'engine' - new() --- engine started --- 9447710
I, [2008-04-02T18:40:22.403234 #32104]  INFO -- : OpenWFE::Engine 'engine' - wait_for() 20080402-kemuzepune
I, [2008-04-02T20:37:34.261950 #32487]  INFO -- : OpenWFE::CacheExpressionStorage 'expressionStorage' - new() size is 1000
I, [2008-04-02T20:37:34.266334 #32487]  INFO -- : OpenWFE::CachedFilePersistedEngine 'engine' - new() --- engine started --- 3053580
I, [2008-04-02T20:37:34.266513 #32487]  INFO -- : OpenWFE::CachedFilePersistedEngine 'engine' - stop() stopping engine 'engine'
I, [2008-04-02T20:37:34.266657 #32487]  INFO -- : OpenWFE::CachedFilePersistedEngine 'engine' - stop() stopped service 'participantMap' (OpenWFE::ParticipantMap)
I, [2008-04-02T20:37:34.266798 #32487]  INFO -- : OpenWFE::CachedFilePersistedEngine 'engine' - stop() stopped service 'expressionPool' (OpenWFE::ExpressionPool)
I, [2008-04-02T20:37:34.266936 #32487]  INFO -- : OpenWFE::CachedFilePersistedEngine 'engine' - stop() stopped service 'errorJournal' (OpenWFE::YamlErrorJournal)
I, [2008-04-02T20:37:34.267069 #32487]  INFO -- : OpenWFE::CachedFilePersistedEngine 'engine' - stop() stopped service 'expressionStorage' (OpenWFE::CacheExpressionStorage)
I, [2008-04-02T20:37:34.267225 #32487]  INFO -- : OpenWFE::CachedFilePersistedEngine 'engine' - stop() stopped service 'wfidGenerator' (OpenWFE::KotobaWfidGenerator)
I, [2008-04-02T20:37:34.267375 #32487]  INFO -- : OpenWFE::CachedFilePersistedEngine 'engine' - stop() stopped service 'scheduler' (Rufus::Scheduler)
I, [2008-04-02T20:37:34.267494 #32487]  INFO -- : OpenWFE::CachedFilePersistedEngine 'engine' - stop() stopped service 'expressionStorage.1' (OpenWFE::ThreadedYamlFileExpressionStorage)
I, [2008-04-02T20:37:34.267607 #32487]  INFO -- : OpenWFE::CachedFilePersistedEngine 'engine' - stop() stopped engine 'engine'
I, [2008-04-02T20:37:58.245639 #32490]  INFO -- : OpenWFE::CacheExpressionStorage 'expressionStorage' - new() size is 1000
I, [2008-04-02T20:37:58.246445 #32490]  INFO -- : OpenWFE::CachedFilePersistedEngine 'engine' - new() --- engine started --- 2965890
I, [2008-04-02T20:37:58.246590 #32490]  INFO -- : OpenWFE::CachedFilePersistedEngine 'engine' - stop() stopping engine 'engine'
I, [2008-04-02T20:37:58.246707 #32490]  INFO -- : OpenWFE::CachedFilePersistedEngine 'engine' - stop() stopped service 'participantMap' (OpenWFE::ParticipantMap)
I, [2008-04-02T20:37:58.246842 #32490]  INFO -- : OpenWFE::CachedFilePersistedEngine 'engine' - stop() stopped service 'expressionPool' (OpenWFE::ExpressionPool)
I, [2008-04-02T20:37:58.246995 #32490]  INFO -- : OpenWFE::CachedFilePersistedEngine 'engine' - stop() stopped service 'errorJournal' (OpenWFE::YamlErrorJournal)
I, [2008-04-02T20:37:58.247114 #32490]  INFO -- : OpenWFE::CachedFilePersistedEngine 'engine' - stop() stopped service 'expressionStorage' (OpenWFE::CacheExpressionStorage)
I, [2008-04-02T20:37:58.247252 #32490]  INFO -- : OpenWFE::CachedFilePersistedEngine 'engine' - stop() stopped service 'wfidGenerator' (OpenWFE::KotobaWfidGenerator)
I, [2008-04-02T20:37:58.247363 #32490]  INFO -- : OpenWFE::CachedFilePersistedEngine 'engine' - stop() stopped service 'scheduler' (Rufus::Scheduler)
I, [2008-04-02T20:37:58.247492 #32490]  INFO -- : OpenWFE::CachedFilePersistedEngine 'engine' - stop() stopped service 'expressionStorage.1' (OpenWFE::ThreadedYamlFileExpressionStorage)
I, [2008-04-02T20:37:58.247595 #32490]  INFO -- : OpenWFE::CachedFilePersistedEngine 'engine' - stop() stopped engine 'engine'
I, [2008-04-02T20:38:03.802283 #32491]  INFO -- : OpenWFE::CacheExpressionStorage 'expressionStorage' - new() size is 1000
I, [2008-04-02T20:38:03.802898 #32491]  INFO -- : OpenWFE::CachedFilePersistedEngine 'engine' - new() --- engine started --- 2965890
I, [2008-04-02T20:38:03.803009 #32491]  INFO -- : OpenWFE::CachedFilePersistedEngine 'engine' - stop() stopping engine 'engine'
I, [2008-04-02T20:38:03.803098 #32491]  INFO -- : OpenWFE::CachedFilePersistedEngine 'engine' - stop() stopped service 'participantMap' (OpenWFE::ParticipantMap)
I, [2008-04-02T20:38:03.803201 #32491]  INFO -- : OpenWFE::CachedFilePersistedEngine 'engine' - stop() stopped service 'expressionPool' (OpenWFE::ExpressionPool)
I, [2008-04-02T20:38:03.803293 #32491]  INFO -- : OpenWFE::CachedFilePersistedEngine 'engine' - stop() stopped service 'errorJournal' (OpenWFE::YamlErrorJournal)
I, [2008-04-02T20:38:03.803381 #32491]  INFO -- : OpenWFE::CachedFilePersistedEngine 'engine' - stop() stopped service 'expressionStorage' (OpenWFE::CacheExpressionStorage)
I, [2008-04-02T20:38:03.803486 #32491]  INFO -- : OpenWFE::CachedFilePersistedEngine 'engine' - stop() stopped service 'wfidGenerator' (OpenWFE::KotobaWfidGenerator)
I, [2008-04-02T20:38:03.803569 #32491]  INFO -- : OpenWFE::CachedFilePersistedEngine 'engine' - stop() stopped service 'scheduler' (Rufus::Scheduler)
I, [2008-04-02T20:38:03.803667 #32491]  INFO -- : OpenWFE::CachedFilePersistedEngine 'engine' - stop() stopped service 'expressionStorage.1' (OpenWFE::ThreadedYamlFileExpressionStorage)
I, [2008-04-02T20:38:03.803745 #32491]  INFO -- : OpenWFE::CachedFilePersistedEngine 'engine' - stop() stopped engine 'engine'
I, [2008-04-02T20:39:16.656685 #32497]  INFO -- : OpenWFE::CacheExpressionStorage 'expressionStorage' - new() size is 1000
I, [2008-04-02T20:39:16.657303 #32497]  INFO -- : OpenWFE::CachedFilePersistedEngine 'engine' - new() --- engine started --- 2968230
I, [2008-04-02T20:39:16.657415 #32497]  INFO -- : OpenWFE::CachedFilePersistedEngine 'engine' - stop() stopping engine 'engine'
I, [2008-04-02T20:39:16.657504 #32497]  INFO -- : OpenWFE::CachedFilePersistedEngine 'engine' - stop() stopped service 'participantMap' (OpenWFE::ParticipantMap)
I, [2008-04-02T20:39:16.657610 #32497]  INFO -- : OpenWFE::CachedFilePersistedEngine 'engine' - stop() stopped service 'expressionPool' (OpenWFE::ExpressionPool)
I, [2008-04-02T20:39:16.657694 #32497]  INFO -- : OpenWFE::CachedFilePersistedEngine 'engine' - stop() stopped service 'errorJournal' (OpenWFE::YamlErrorJournal)
I, [2008-04-02T20:39:16.657788 #32497]  INFO -- : OpenWFE::CachedFilePersistedEngine 'engine' - stop() stopped service 'expressionStorage' (OpenWFE::CacheExpressionStorage)
I, [2008-04-02T20:39:16.657884 #32497]  INFO -- : OpenWFE::CachedFilePersistedEngine 'engine' - stop() stopped service 'wfidGenerator' (OpenWFE::KotobaWfidGenerator)
I, [2008-04-02T20:39:16.657986 #32497]  INFO -- : OpenWFE::CachedFilePersistedEngine 'engine' - stop() stopped service 'scheduler' (Rufus::Scheduler)
I, [2008-04-02T20:39:16.658110 #32497]  INFO -- : OpenWFE::CachedFilePersistedEngine 'engine' - stop() stopped service 'expressionStorage.1' (OpenWFE::ThreadedYamlFileExpressionStorage)
I, [2008-04-02T20:39:16.658198 #32497]  INFO -- : OpenWFE::CachedFilePersistedEngine 'engine' - stop() stopped engine 'engine'
I, [2008-04-02T20:39:56.125365 #32508]  INFO -- : OpenWFE::CacheExpressionStorage 'expressionStorage' - new() size is 1000
I, [2008-04-02T20:39:56.126180 #32508]  INFO -- : OpenWFE::CachedFilePersistedEngine 'engine' - new() --- engine started --- 2940030
I, [2008-04-02T20:39:56.126786 #32508]  INFO -- : OpenWFE::ExpressionPool 'expressionPool' - reschedule() initiating...
I, [2008-04-02T20:39:56.127098 #32508]  INFO -- : OpenWFE::ExpressionPool 'expressionPool' - reschedule() done. (took 0.32496452331543 ms)
I, [2008-04-02T20:39:56.169875 #32508]  INFO -- : OpenWFE::CachedFilePersistedEngine 'engine' - wait_for() 20080402-kumubetzumo
I, [2008-04-02T20:40:01.249412 #32508]  INFO -- : OpenWFE::CachedFilePersistedEngine 'engine' - stop() stopping engine 'engine'
I, [2008-04-02T20:40:01.249549 #32508]  INFO -- : OpenWFE::CachedFilePersistedEngine 'engine' - stop() stopped service 'participantMap' (OpenWFE::ParticipantMap)
I, [2008-04-02T20:40:01.249654 #32508]  INFO -- : OpenWFE::CachedFilePersistedEngine 'engine' - stop() stopped service 'expressionPool' (OpenWFE::ExpressionPool)
I, [2008-04-02T20:40:01.249740 #32508]  INFO -- : OpenWFE::CachedFilePersistedEngine 'engine' - stop() stopped service 'errorJournal' (OpenWFE::YamlErrorJournal)
I, [2008-04-02T20:40:01.249835 #32508]  INFO -- : OpenWFE::CachedFilePersistedEngine 'engine' - stop() stopped service 'expressionStorage' (OpenWFE::CacheExpressionStorage)
I, [2008-04-02T20:40:01.250082 #32508]  INFO -- : OpenWFE::CachedFilePersistedEngine 'engine' - stop() stopped service 'wfidGenerator' (OpenWFE::KotobaWfidGenerator)
I, [2008-04-02T20:40:01.250180 #32508]  INFO -- : OpenWFE::CachedFilePersistedEngine 'engine' - stop() stopped service 'scheduler' (Rufus::Scheduler)
I, [2008-04-02T20:40:01.255651 #32508]  INFO -- : OpenWFE::CachedFilePersistedEngine 'engine' - stop() stopped service 'expressionStorage.1' (OpenWFE::ThreadedYamlFileExpressionStorage)
I, [2008-04-02T20:40:01.255786 #32508]  INFO -- : OpenWFE::CachedFilePersistedEngine 'engine' - stop() stopped engine 'engine'
I, [2008-04-02T20:40:21.487633 #32511]  INFO -- : OpenWFE::CacheExpressionStorage 'expressionStorage' - new() size is 1000
I, [2008-04-02T20:40:21.488270 #32511]  INFO -- : OpenWFE::CachedFilePersistedEngine 'engine' - new() --- engine started --- 2939080
I, [2008-04-02T20:40:21.488383 #32511]  INFO -- : OpenWFE::CachedFilePersistedEngine 'engine' - stop() stopping engine 'engine'
I, [2008-04-02T20:40:21.488471 #32511]  INFO -- : OpenWFE::CachedFilePersistedEngine 'engine' - stop() stopped service 'participantMap' (OpenWFE::ParticipantMap)
I, [2008-04-02T20:40:21.488575 #32511]  INFO -- : OpenWFE::CachedFilePersistedEngine 'engine' - stop() stopped service 'expressionPool' (OpenWFE::ExpressionPool)
I, [2008-04-02T20:40:21.488667 #32511]  INFO -- : OpenWFE::CachedFilePersistedEngine 'engine' - stop() stopped service 'errorJournal' (OpenWFE::YamlErrorJournal)
I, [2008-04-02T20:40:21.488764 #32511]  INFO -- : OpenWFE::CachedFilePersistedEngine 'engine' - stop() stopped service 'expressionStorage' (OpenWFE::CacheExpressionStorage)
I, [2008-04-02T20:40:21.488861 #32511]  INFO -- : OpenWFE::CachedFilePersistedEngine 'engine' - stop() stopped service 'wfidGenerator' (OpenWFE::KotobaWfidGenerator)
I, [2008-04-02T20:40:21.488955 #32511]  INFO -- : OpenWFE::CachedFilePersistedEngine 'engine' - stop() stopped service 'scheduler' (Rufus::Scheduler)
I, [2008-04-02T20:40:21.489054 #32511]  INFO -- : OpenWFE::CachedFilePersistedEngine 'engine' - stop() stopped service 'expressionStorage.1' (OpenWFE::ThreadedYamlFileExpressionStorage)
I, [2008-04-02T20:40:21.489133 #32511]  INFO -- : OpenWFE::CachedFilePersistedEngine 'engine' - stop() stopped engine 'engine'
I, [2008-04-02T20:40:44.172062 #32514]  INFO -- : OpenWFE::CacheExpressionStorage 'expressionStorage' - new() size is 1000
I, [2008-04-02T20:40:44.172709 #32514]  INFO -- : OpenWFE::CachedFilePersistedEngine 'engine' - new() --- engine started --- 2939180
I, [2008-04-02T20:40:44.172945 #32514]  INFO -- : OpenWFE::FileHistory 'history' - new() outputting history to work/history.log
I, [2008-04-02T20:40:44.173407 #32514]  INFO -- : OpenWFE::ExpressionPool 'expressionPool' - reschedule() initiating...
I, [2008-04-02T20:40:44.174392 #32514]  INFO -- : OpenWFE::ExpressionPool 'expressionPool' - reschedule() for  (fei 0.9.17 engine ee ee 0 0 environment 0)...
I, [2008-04-02T20:40:44.174671 #32514]  INFO -- : OpenWFE::ExpressionPool 'expressionPool' - reschedule() done. (took 1.27387046813965 ms)
I, [2008-04-02T20:40:44.176761 #32514]  INFO -- : OpenWFE::CachedFilePersistedEngine 'engine' - wait_for() 20080402-kunakuwoko
I, [2008-04-02T20:40:49.254382 #32514]  INFO -- : OpenWFE::CachedFilePersistedEngine 'engine' - stop() stopping engine 'engine'
I, [2008-04-02T20:40:49.254690 #32514]  INFO -- : OpenWFE::CachedFilePersistedEngine 'engine' - stop() stopped service 'history' (OpenWFE::FileHistory)
I, [2008-04-02T20:40:49.254784 #32514]  INFO -- : OpenWFE::CachedFilePersistedEngine 'engine' - stop() stopped service 'participantMap' (OpenWFE::ParticipantMap)
I, [2008-04-02T20:40:49.254896 #32514]  INFO -- : OpenWFE::CachedFilePersistedEngine 'engine' - stop() stopped service 'expressionPool' (OpenWFE::ExpressionPool)
I, [2008-04-02T20:40:49.254991 #32514]  INFO -- : OpenWFE::CachedFilePersistedEngine 'engine' - stop() stopped service 'errorJournal' (OpenWFE::YamlErrorJournal)
I, [2008-04-02T20:40:49.255081 #32514]  INFO -- : OpenWFE::CachedFilePersistedEngine 'engine' - stop() stopped service 'expressionStorage' (OpenWFE::CacheExpressionStorage)
I, [2008-04-02T20:40:49.255262 #32514]  INFO -- : OpenWFE::CachedFilePersistedEngine 'engine' - stop() stopped service 'wfidGenerator' (OpenWFE::KotobaWfidGenerator)
I, [2008-04-02T20:40:49.255351 #32514]  INFO -- : OpenWFE::CachedFilePersistedEngine 'engine' - stop() stopped service 'scheduler' (Rufus::Scheduler)
I, [2008-04-02T20:40:49.260670 #32514]  INFO -- : OpenWFE::CachedFilePersistedEngine 'engine' - stop() stopped service 'expressionStorage.1' (OpenWFE::ThreadedYamlFileExpressionStorage)
I, [2008-04-02T20:40:49.260808 #32514]  INFO -- : OpenWFE::CachedFilePersistedEngine 'engine' - stop() stopped engine 'engine'
